<?xml version="1.0" encoding="UTF-8"?>
<!-- Generated by org.testng.reporters.JUnitReportReporter -->
<testsuite hostname="PVZ" failures="0" tests="1" name="scripts.Testcase2" time="12.002" errors="0" timestamp="2022-12-20T16:41:51 IST" skipped="0">
  <testcase classname="scripts.Testcase2" name="tc2" time="12.002"/>
  <system-out/>
</testsuite> <!-- scripts.Testcase2 -->
