<?xml version="1.0" encoding="UTF-8"?>
<!-- Generated by org.testng.reporters.JUnitReportReporter -->
<testsuite hostname="PVZ" failures="0" tests="1" name="scripts.Testcase1" time="7.813" errors="0" timestamp="2022-12-20T16:41:51 IST" skipped="0">
  <testcase classname="scripts.Testcase1" name="tc1" time="7.813"/>
  <system-out/>
</testsuite> <!-- scripts.Testcase1 -->
