<?xml version="1.0" encoding="UTF-8"?>
<!-- Generated by org.testng.reporters.JUnitReportReporter -->
<testsuite hostname="PVZ" failures="0" tests="1" name="scripts.Testcase3" time="22.984" errors="0" timestamp="2022-12-20T15:36:06 IST" skipped="0">
  <testcase classname="scripts.Testcase3" name="tc3" time="22.984"/>
  <system-out/>
</testsuite> <!-- scripts.Testcase3 -->
