<?xml version="1.0" encoding="UTF-8"?>
<!-- Generated by org.testng.reporters.JUnitReportReporter -->
<testsuite hostname="PVZ" failures="0" tests="1" name="scripts.Testcase1" time="11.493" errors="0" timestamp="2022-12-19T23:17:44 IST" skipped="0">
  <testcase classname="scripts.Testcase1" name="tc1" time="11.493"/>
  <system-out/>
</testsuite> <!-- scripts.Testcase1 -->
