<?xml version="1.0" encoding="UTF-8"?>
<!-- Generated by org.testng.reporters.JUnitReportReporter -->
<testsuite hostname="PVZ" failures="0" tests="1" name="scripts.Testcase2" time="16.272" errors="0" timestamp="2022-12-20T13:04:56 IST" skipped="0">
  <testcase classname="scripts.Testcase2" name="tc2" time="16.272"/>
  <system-out/>
</testsuite> <!-- scripts.Testcase2 -->
